{"D:\\FS\\Desarrollo\\coverage-react\\src\\App.js": {"path":"D:\\FS\\Desarrollo\\coverage-react\\src\\App.js","statementMap":{"0":{"start":{"line":5,"column":2},"end":{"line":22,"column":4}}},"fnMap":{"0":{"name":"App","decl":{"start":{"line":4,"column":9},"end":{"line":4,"column":12}},"loc":{"start":{"line":4,"column":15},"end":{"line":23,"column":1}},"line":4}},"branchMap":{},"s":{"0":1},"f":{"0":1},"b":{},"_coverageSchema":"1a1c01bbd47fc00a2c39e90264f33305004495a9","hash":"2561a539f4b2aed5687e6d65e9032630f939b288"}
,"D:\\FS\\Desarrollo\\coverage-react\\src\\components\\Hello.jsx": {"path":"D:\\FS\\Desarrollo\\coverage-react\\src\\components\\Hello.jsx","statementMap":{"0":{"start":{"line":3,"column":14},"end":{"line":9,"column":1}},"1":{"start":{"line":4,"column":4},"end":{"line":8,"column":5}}},"fnMap":{"0":{"name":"(anonymous_0)","decl":{"start":{"line":3,"column":14},"end":{"line":3,"column":15}},"loc":{"start":{"line":3,"column":20},"end":{"line":9,"column":1}},"line":3}},"branchMap":{},"s":{"0":0,"1":0},"f":{"0":0},"b":{}}
}
